{"C:\\Users\\paulo\\Documents\\PROJETOS\\03-api-solid\\src\\repositories\\in-memory\\in-memory-users-repository.ts": {"path":"C:\\Users\\paulo\\Documents\\PROJETOS\\03-api-solid\\src\\repositories\\in-memory\\in-memory-users-repository.ts","statementMap":{"0":{"start":{"line":5,"column":25},"end":{"line":5,"column":null}},"1":{"start":{"line":8,"column":17},"end":{"line":8,"column":null}},"2":{"start":{"line":8,"column":43},"end":{"line":8,"column":63}},"3":{"start":{"line":10,"column":4},"end":{"line":12,"column":null}},"4":{"start":{"line":11,"column":6},"end":{"line":11,"column":null}},"5":{"start":{"line":14,"column":4},"end":{"line":14,"column":null}},"6":{"start":{"line":18,"column":17},"end":{"line":24,"column":null}},"7":{"start":{"line":26,"column":4},"end":{"line":26,"column":null}},"8":{"start":{"line":28,"column":4},"end":{"line":28,"column":null}}},"fnMap":{"0":{"name":"findByEmail","decl":{"start":{"line":7,"column":8},"end":{"line":7,"column":20}},"loc":{"start":{"line":7,"column":35},"end":{"line":15,"column":null}},"line":7},"1":{"name":"(anonymous_1)","decl":{"start":{"line":8,"column":28},"end":{"line":8,"column":34}},"loc":{"start":{"line":8,"column":43},"end":{"line":8,"column":63}},"line":8},"2":{"name":"create","decl":{"start":{"line":17,"column":8},"end":{"line":17,"column":15}},"loc":{"start":{"line":17,"column":45},"end":{"line":29,"column":null}},"line":17}},"branchMap":{"0":{"loc":{"start":{"line":10,"column":4},"end":{"line":12,"column":null}},"type":"if","locations":[{"start":{"line":10,"column":4},"end":{"line":12,"column":null}},{"start":{},"end":{}}],"line":10}},"s":{"0":3,"1":4,"2":1,"3":4,"4":3,"5":1,"6":3,"7":3,"8":3},"f":{"0":4,"1":1,"2":3},"b":{"0":[3,1]},"meta":{"lastBranch":1,"lastFunction":3,"lastStatement":9,"seen":{"s:5:25:5:Infinity":0,"f:7:8:7:20":0,"s:8:17:8:Infinity":1,"f:8:28:8:34":1,"s:8:43:8:63":2,"b:10:4:12:Infinity:undefined:undefined:undefined:undefined":0,"s:10:4:12:Infinity":3,"s:11:6:11:Infinity":4,"s:14:4:14:Infinity":5,"f:17:8:17:15":2,"s:18:17:24:Infinity":6,"s:26:4:26:Infinity":7,"s:28:4:28:Infinity":8},"fnNames":{}}}
,"C:\\Users\\paulo\\Documents\\PROJETOS\\03-api-solid\\src\\use-cases\\resgister.ts": {"path":"C:\\Users\\paulo\\Documents\\PROJETOS\\03-api-solid\\src\\use-cases\\resgister.ts","statementMap":{"0":{"start":{"line":17,"column":22},"end":{"line":17,"column":56}},"1":{"start":{"line":24,"column":26},"end":{"line":24,"column":null}},"2":{"start":{"line":26,"column":30},"end":{"line":26,"column":null}},"3":{"start":{"line":28,"column":4},"end":{"line":30,"column":null}},"4":{"start":{"line":29,"column":6},"end":{"line":29,"column":null}},"5":{"start":{"line":32,"column":17},"end":{"line":36,"column":null}},"6":{"start":{"line":38,"column":4},"end":{"line":40,"column":null}}},"fnMap":{"0":{"name":"constructor","decl":{"start":{"line":17,"column":2},"end":{"line":17,"column":14}},"loc":{"start":{"line":17,"column":56},"end":{"line":17,"column":null}},"line":17},"1":{"name":"execute","decl":{"start":{"line":19,"column":8},"end":{"line":19,"column":16}},"loc":{"start":{"line":23,"column":63},"end":{"line":41,"column":null}},"line":23}},"branchMap":{"0":{"loc":{"start":{"line":28,"column":4},"end":{"line":30,"column":null}},"type":"if","locations":[{"start":{"line":28,"column":4},"end":{"line":30,"column":null}},{"start":{},"end":{}}],"line":28}},"s":{"0":3,"1":4,"2":4,"3":4,"4":1,"5":3,"6":3},"f":{"0":3,"1":4},"b":{"0":[1,3]},"meta":{"lastBranch":1,"lastFunction":2,"lastStatement":7,"seen":{"f:17:2:17:14":0,"s:17:22:17:56":0,"f:19:8:19:16":1,"s:24:26:24:Infinity":1,"s:26:30:26:Infinity":2,"b:28:4:30:Infinity:undefined:undefined:undefined:undefined":0,"s:28:4:30:Infinity":3,"s:29:6:29:Infinity":4,"s:32:17:36:Infinity":5,"s:38:4:40:Infinity":6},"fnNames":{}}}
,"C:\\Users\\paulo\\Documents\\PROJETOS\\03-api-solid\\src\\use-cases\\erros\\user-already-exists-error.ts": {"path":"C:\\Users\\paulo\\Documents\\PROJETOS\\03-api-solid\\src\\use-cases\\erros\\user-already-exists-error.ts","statementMap":{"0":{"start":{"line":3,"column":4},"end":{"line":3,"column":null}}},"fnMap":{"0":{"name":"constructor","decl":{"start":{"line":2,"column":2},"end":{"line":2,"column":16}},"loc":{"start":{"line":2,"column":16},"end":{"line":4,"column":null}},"line":2}},"branchMap":{},"s":{"0":1},"f":{"0":1},"b":{},"meta":{"lastBranch":0,"lastFunction":1,"lastStatement":1,"seen":{"f:2:2:2:16":0,"s:3:4:3:Infinity":0},"fnNames":{}}}
}
